2018-05-03 12:58:29,174 [1] DEBUG DfQuantycaDocuments.Helpers.DfQuantycaTracert -  System.Web.Http.Controllers WebHostHttpControllerTypeResolver GetControllerTypes
2018-05-03 12:58:29,978 [1] DEBUG DfQuantycaDocuments.Helpers.DfQuantycaTracert -  System.Web.Http.Controllers WebHostHttpControllerTypeResolver GetControllerTypes
2018-05-03 12:58:37,256 [10] INFO DfQuantycaDocuments.Helpers.DfQuantycaTracert -  GET http://localhost:2573/api/DfUbyquo/docs/test System.Web.Http.Request http://localhost:2573/api/DfUbyquo/docs/test
2018-05-03 12:58:37,268 [10] INFO DfQuantycaDocuments.Helpers.DfQuantycaTracert -  GET http://localhost:2573/api/DfUbyquo/docs/test System.Web.Http.Controllers DefaultHttpControllerSelector SelectController Route='MS_SubRoutes:System.Web.Http.Routing.IHttpRouteData[]'
2018-05-03 12:58:37,271 [10] INFO DfQuantycaDocuments.Helpers.DfQuantycaTracert -  GET http://localhost:2573/api/DfUbyquo/docs/test System.Web.Http.Controllers DefaultHttpControllerSelector SelectController DfUbyquo
2018-05-03 12:58:37,272 [10] INFO DfQuantycaDocuments.Helpers.DfQuantycaTracert -  GET http://localhost:2573/api/DfUbyquo/docs/test System.Web.Http.Controllers HttpControllerDescriptor CreateController
2018-05-03 12:58:37,273 [10] INFO DfQuantycaDocuments.Helpers.DfQuantycaTracert -  GET http://localhost:2573/api/DfUbyquo/docs/test System.Web.Http.Controllers DefaultHttpControllerActivator Create
2018-05-03 12:58:37,284 [10] INFO DfQuantycaDocuments.Helpers.DfQuantycaTracert -  GET http://localhost:2573/api/DfUbyquo/docs/test System.Web.Http.Controllers DefaultHttpControllerActivator Create DfQuantycaDocuments.Controllers.DfUbyquoController
2018-05-03 12:58:37,284 [10] INFO DfQuantycaDocuments.Helpers.DfQuantycaTracert -  GET http://localhost:2573/api/DfUbyquo/docs/test System.Web.Http.Controllers HttpControllerDescriptor CreateController DfQuantycaDocuments.Controllers.DfUbyquoController
2018-05-03 12:58:37,285 [10] INFO DfQuantycaDocuments.Helpers.DfQuantycaTracert -  GET http://localhost:2573/api/DfUbyquo/docs/test System.Web.Http.Controllers DfUbyquoController ExecuteAsync
2018-05-03 12:58:37,289 [10] INFO DfQuantycaDocuments.Helpers.DfQuantycaTracert -  GET http://localhost:2573/api/DfUbyquo/docs/test System.Web.Http.Action ApiControllerActionSelector SelectAction
2018-05-03 12:58:37,303 [10] INFO DfQuantycaDocuments.Helpers.DfQuantycaTracert -  GET http://localhost:2573/api/DfUbyquo/docs/test System.Web.Http.Action ApiControllerActionSelector SelectAction Selected action 'TestApi()'
2018-05-03 12:58:37,320 [10] INFO DfQuantycaDocuments.Helpers.DfQuantycaTracert -  GET http://localhost:2573/api/DfUbyquo/docs/test System.Web.Http.ModelBinding HttpActionBinding ExecuteBindingAsync
2018-05-03 12:58:37,329 [10] INFO DfQuantycaDocuments.Helpers.DfQuantycaTracert -  GET http://localhost:2573/api/DfUbyquo/docs/test System.Web.Http.ModelBinding HttpActionBinding ExecuteBindingAsync
2018-05-03 12:58:37,331 [10] INFO DfQuantycaDocuments.Helpers.DfQuantycaTracert -  GET http://localhost:2573/api/DfUbyquo/docs/test System.Web.Http.Action ApiControllerActionInvoker InvokeActionAsync Action='TestApi()'
2018-05-03 12:58:37,335 [10] INFO DfQuantycaDocuments.Helpers.DfQuantycaTracert -  GET http://localhost:2573/api/DfUbyquo/docs/test System.Web.Http.Action ReflectedHttpActionDescriptor ExecuteAsync Invoking action 'TestApi()'
2018-05-03 12:58:37,342 [10] INFO DfQuantycaDocuments.Helpers.DfQuantycaTracert -  GET http://localhost:2573/api/DfUbyquo/docs/test Controllers DfQuantycaDocuments Log: Test Success
2018-05-03 12:58:37,348 [10] INFO DfQuantycaDocuments.Helpers.DfQuantycaTracert -  GET http://localhost:2573/api/DfUbyquo/docs/test System.Web.Http.Action ReflectedHttpActionDescriptor ExecuteAsync Action returned 'System.Web.Http.Results.OkNegotiatedContentResult`1[System.String]'
2018-05-03 12:58:37,352 [10] INFO DfQuantycaDocuments.Helpers.DfQuantycaTracert -  GET http://localhost:2573/api/DfUbyquo/docs/test System.Net.Http.Formatting DefaultContentNegotiator Negotiate Type='String', formatters=[JsonMediaTypeFormatterTracer, XmlMediaTypeFormatterTracer, FormUrlEncodedMediaTypeFormatterTracer, FormUrlEncodedMediaTypeFormatterTracer]
2018-05-03 12:58:37,374 [10] INFO DfQuantycaDocuments.Helpers.DfQuantycaTracert -  GET http://localhost:2573/api/DfUbyquo/docs/test System.Net.Http.Formatting XmlMediaTypeFormatter GetPerRequestFormatterInstance Obtaining formatter of type 'XmlMediaTypeFormatter' for type='String', mediaType='application/xml; charset=utf-8'
2018-05-03 12:58:37,375 [10] INFO DfQuantycaDocuments.Helpers.DfQuantycaTracert -  GET http://localhost:2573/api/DfUbyquo/docs/test System.Net.Http.Formatting XmlMediaTypeFormatter GetPerRequestFormatterInstance Will use same 'XmlMediaTypeFormatter' formatter
2018-05-03 12:58:37,377 [10] INFO DfQuantycaDocuments.Helpers.DfQuantycaTracert -  GET http://localhost:2573/api/DfUbyquo/docs/test System.Net.Http.Formatting DefaultContentNegotiator Negotiate Selected formatter='XmlMediaTypeFormatter', content-type='application/xml; charset=utf-8'
2018-05-03 12:58:37,380 [10] INFO DfQuantycaDocuments.Helpers.DfQuantycaTracert -  GET http://localhost:2573/api/DfUbyquo/docs/test System.Web.Http.Action ApiControllerActionInvoker InvokeActionAsync
2018-05-03 12:58:37,380 [10] INFO DfQuantycaDocuments.Helpers.DfQuantycaTracert -  GET http://localhost:2573/api/DfUbyquo/docs/test System.Web.Http.Controllers DfUbyquoController ExecuteAsync
2018-05-03 12:58:37,382 [10] INFO DfQuantycaDocuments.Helpers.DfQuantycaTracert -  GET http://localhost:2573/api/DfUbyquo/docs/test System.Web.Http.Request Content-type='application/xml; charset=utf-8', content-length=unknown
2018-05-03 12:58:37,395 [10] INFO DfQuantycaDocuments.Helpers.DfQuantycaTracert -  GET http://localhost:2573/api/DfUbyquo/docs/test System.Net.Http.Formatting XmlMediaTypeFormatter WriteToStreamAsync Value='Service online', type='String', content-type='application/xml; charset=utf-8'
2018-05-03 12:58:37,399 [10] INFO DfQuantycaDocuments.Helpers.DfQuantycaTracert -  GET http://localhost:2573/api/DfUbyquo/docs/test System.Net.Http.Formatting XmlMediaTypeFormatter WriteToStreamAsync
2018-05-03 12:58:37,401 [10] INFO DfQuantycaDocuments.Helpers.DfQuantycaTracert -  GET http://localhost:2573/api/DfUbyquo/docs/test System.Web.Http.Controllers DfUbyquoController Dispose
2018-05-03 12:58:37,401 [10] INFO DfQuantycaDocuments.Helpers.DfQuantycaTracert -  GET http://localhost:2573/api/DfUbyquo/docs/test System.Web.Http.Controllers DfUbyquoController Dispose
