2018-05-03 15:27:36,893 [1] DEBUG DfQuantycaDocuments.Helpers.DfQuantycaTracert -  System.Web.Http.Controllers WebHostHttpControllerTypeResolver GetControllerTypes
2018-05-03 15:27:37,684 [1] DEBUG DfQuantycaDocuments.Helpers.DfQuantycaTracert -  System.Web.Http.Controllers WebHostHttpControllerTypeResolver GetControllerTypes
2018-05-03 15:27:49,764 [6] INFO DfQuantycaDocuments.Helpers.DfQuantycaTracert -  GET http://localhost:2573/api/DfUbyquo/docs/test System.Web.Http.Request http://localhost:2573/api/DfUbyquo/docs/test
2018-05-03 15:27:49,773 [6] INFO DfQuantycaDocuments.Helpers.DfQuantycaTracert -  GET http://localhost:2573/api/DfUbyquo/docs/test System.Web.Http.Controllers DefaultHttpControllerSelector SelectController Route='MS_SubRoutes:System.Web.Http.Routing.IHttpRouteData[]'
2018-05-03 15:27:49,775 [6] INFO DfQuantycaDocuments.Helpers.DfQuantycaTracert -  GET http://localhost:2573/api/DfUbyquo/docs/test System.Web.Http.Controllers DefaultHttpControllerSelector SelectController DfUbyquo
2018-05-03 15:27:49,776 [6] INFO DfQuantycaDocuments.Helpers.DfQuantycaTracert -  GET http://localhost:2573/api/DfUbyquo/docs/test System.Web.Http.Controllers HttpControllerDescriptor CreateController
2018-05-03 15:27:49,779 [6] INFO DfQuantycaDocuments.Helpers.DfQuantycaTracert -  GET http://localhost:2573/api/DfUbyquo/docs/test System.Web.Http.Controllers DefaultHttpControllerActivator Create
2018-05-03 15:27:49,824 [6] INFO DfQuantycaDocuments.Helpers.DfQuantycaTracert -  GET http://localhost:2573/api/DfUbyquo/docs/test System.Web.Http.Controllers DefaultHttpControllerActivator Create DfQuantycaDocuments.Controllers.DfUbyquoController
2018-05-03 15:27:49,824 [6] INFO DfQuantycaDocuments.Helpers.DfQuantycaTracert -  GET http://localhost:2573/api/DfUbyquo/docs/test System.Web.Http.Controllers HttpControllerDescriptor CreateController DfQuantycaDocuments.Controllers.DfUbyquoController
2018-05-03 15:27:49,825 [6] INFO DfQuantycaDocuments.Helpers.DfQuantycaTracert -  GET http://localhost:2573/api/DfUbyquo/docs/test System.Web.Http.Controllers DfUbyquoController ExecuteAsync
2018-05-03 15:27:49,828 [6] INFO DfQuantycaDocuments.Helpers.DfQuantycaTracert -  GET http://localhost:2573/api/DfUbyquo/docs/test System.Web.Http.Action ApiControllerActionSelector SelectAction
2018-05-03 15:27:49,857 [6] INFO DfQuantycaDocuments.Helpers.DfQuantycaTracert -  GET http://localhost:2573/api/DfUbyquo/docs/test System.Web.Http.Action ApiControllerActionSelector SelectAction Selected action 'TestApi()'
2018-05-03 15:27:49,869 [6] INFO DfQuantycaDocuments.Helpers.DfQuantycaTracert -  GET http://localhost:2573/api/DfUbyquo/docs/test System.Web.Http.ModelBinding HttpActionBinding ExecuteBindingAsync
2018-05-03 15:27:49,872 [6] INFO DfQuantycaDocuments.Helpers.DfQuantycaTracert -  GET http://localhost:2573/api/DfUbyquo/docs/test System.Web.Http.ModelBinding HttpActionBinding ExecuteBindingAsync
2018-05-03 15:27:49,874 [6] INFO DfQuantycaDocuments.Helpers.DfQuantycaTracert -  GET http://localhost:2573/api/DfUbyquo/docs/test System.Web.Http.Action ApiControllerActionInvoker InvokeActionAsync Action='TestApi()'
2018-05-03 15:27:49,876 [6] INFO DfQuantycaDocuments.Helpers.DfQuantycaTracert -  GET http://localhost:2573/api/DfUbyquo/docs/test System.Web.Http.Action ReflectedHttpActionDescriptor ExecuteAsync Invoking action 'TestApi()'
2018-05-03 15:27:49,883 [6] INFO DfQuantycaDocuments.Helpers.DfQuantycaTracert -  GET http://localhost:2573/api/DfUbyquo/docs/test Controllers DfQuantycaDocuments Log: Test Success
2018-05-03 15:27:49,887 [6] INFO DfQuantycaDocuments.Helpers.DfQuantycaTracert -  GET http://localhost:2573/api/DfUbyquo/docs/test System.Web.Http.Action ReflectedHttpActionDescriptor ExecuteAsync Action returned 'System.Web.Http.Results.OkNegotiatedContentResult`1[System.String]'
2018-05-03 15:27:49,890 [6] INFO DfQuantycaDocuments.Helpers.DfQuantycaTracert -  GET http://localhost:2573/api/DfUbyquo/docs/test System.Net.Http.Formatting DefaultContentNegotiator Negotiate Type='String', formatters=[JsonMediaTypeFormatterTracer, XmlMediaTypeFormatterTracer, FormUrlEncodedMediaTypeFormatterTracer, FormUrlEncodedMediaTypeFormatterTracer]
2018-05-03 15:27:49,930 [6] INFO DfQuantycaDocuments.Helpers.DfQuantycaTracert -  GET http://localhost:2573/api/DfUbyquo/docs/test System.Net.Http.Formatting XmlMediaTypeFormatter GetPerRequestFormatterInstance Obtaining formatter of type 'XmlMediaTypeFormatter' for type='String', mediaType='application/xml; charset=utf-8'
2018-05-03 15:27:49,931 [6] INFO DfQuantycaDocuments.Helpers.DfQuantycaTracert -  GET http://localhost:2573/api/DfUbyquo/docs/test System.Net.Http.Formatting XmlMediaTypeFormatter GetPerRequestFormatterInstance Will use same 'XmlMediaTypeFormatter' formatter
2018-05-03 15:27:49,932 [6] INFO DfQuantycaDocuments.Helpers.DfQuantycaTracert -  GET http://localhost:2573/api/DfUbyquo/docs/test System.Net.Http.Formatting DefaultContentNegotiator Negotiate Selected formatter='XmlMediaTypeFormatter', content-type='application/xml; charset=utf-8'
2018-05-03 15:27:49,935 [6] INFO DfQuantycaDocuments.Helpers.DfQuantycaTracert -  GET http://localhost:2573/api/DfUbyquo/docs/test System.Web.Http.Action ApiControllerActionInvoker InvokeActionAsync
2018-05-03 15:27:49,936 [6] INFO DfQuantycaDocuments.Helpers.DfQuantycaTracert -  GET http://localhost:2573/api/DfUbyquo/docs/test System.Web.Http.Controllers DfUbyquoController ExecuteAsync
2018-05-03 15:27:49,938 [6] INFO DfQuantycaDocuments.Helpers.DfQuantycaTracert -  GET http://localhost:2573/api/DfUbyquo/docs/test System.Web.Http.Request Content-type='application/xml; charset=utf-8', content-length=unknown
2018-05-03 15:27:49,963 [6] INFO DfQuantycaDocuments.Helpers.DfQuantycaTracert -  GET http://localhost:2573/api/DfUbyquo/docs/test System.Net.Http.Formatting XmlMediaTypeFormatter WriteToStreamAsync Value='Service online', type='String', content-type='application/xml; charset=utf-8'
2018-05-03 15:27:49,972 [6] INFO DfQuantycaDocuments.Helpers.DfQuantycaTracert -  GET http://localhost:2573/api/DfUbyquo/docs/test System.Net.Http.Formatting XmlMediaTypeFormatter WriteToStreamAsync
2018-05-03 15:27:49,996 [6] INFO DfQuantycaDocuments.Helpers.DfQuantycaTracert -  GET http://localhost:2573/api/DfUbyquo/docs/test System.Web.Http.Controllers DfUbyquoController Dispose
2018-05-03 15:27:49,996 [6] INFO DfQuantycaDocuments.Helpers.DfQuantycaTracert -  GET http://localhost:2573/api/DfUbyquo/docs/test System.Web.Http.Controllers DfUbyquoController Dispose
2018-05-03 15:45:42,231 [1] DEBUG DfQuantycaDocuments.Helpers.DfQuantycaTracert -  System.Web.Http.Controllers WebHostHttpControllerTypeResolver GetControllerTypes
2018-05-03 15:45:43,904 [1] DEBUG DfQuantycaDocuments.Helpers.DfQuantycaTracert -  System.Web.Http.Controllers WebHostHttpControllerTypeResolver GetControllerTypes
2018-06-08 16:39:13,871 [1] DEBUG DfQuantycaDocuments.Helpers.DfQuantycaTracert -  System.Web.Http.Controllers WebHostHttpControllerTypeResolver GetControllerTypes
2018-06-08 16:39:15,495 [1] DEBUG DfQuantycaDocuments.Helpers.DfQuantycaTracert -  System.Web.Http.Controllers WebHostHttpControllerTypeResolver GetControllerTypes
2018-06-08 16:40:28,812 [5] INFO DfQuantycaDocuments.Helpers.DfQuantycaTracert -  POST http://localhost:2573/api/DfUbyquo/docs/upload System.Web.Http.Request http://localhost:2573/api/DfUbyquo/docs/upload
2018-06-08 16:40:28,821 [5] INFO DfQuantycaDocuments.Helpers.DfQuantycaTracert -  POST http://localhost:2573/api/DfUbyquo/docs/upload System.Web.Http.Controllers DefaultHttpControllerSelector SelectController Route='MS_SubRoutes:System.Web.Http.Routing.IHttpRouteData[]'
2018-06-08 16:40:28,825 [5] INFO DfQuantycaDocuments.Helpers.DfQuantycaTracert -  POST http://localhost:2573/api/DfUbyquo/docs/upload System.Web.Http.Controllers DefaultHttpControllerSelector SelectController DfUbyquo
2018-06-08 16:40:28,826 [5] INFO DfQuantycaDocuments.Helpers.DfQuantycaTracert -  POST http://localhost:2573/api/DfUbyquo/docs/upload System.Web.Http.Controllers HttpControllerDescriptor CreateController
2018-06-08 16:40:28,827 [5] INFO DfQuantycaDocuments.Helpers.DfQuantycaTracert -  POST http://localhost:2573/api/DfUbyquo/docs/upload System.Web.Http.Controllers DefaultHttpControllerActivator Create
2018-06-08 16:40:28,867 [5] INFO DfQuantycaDocuments.Helpers.DfQuantycaTracert -  POST http://localhost:2573/api/DfUbyquo/docs/upload System.Web.Http.Controllers DefaultHttpControllerActivator Create DfQuantycaDocuments.Controllers.DfUbyquoController
2018-06-08 16:40:28,868 [5] INFO DfQuantycaDocuments.Helpers.DfQuantycaTracert -  POST http://localhost:2573/api/DfUbyquo/docs/upload System.Web.Http.Controllers HttpControllerDescriptor CreateController DfQuantycaDocuments.Controllers.DfUbyquoController
2018-06-08 16:40:28,870 [5] INFO DfQuantycaDocuments.Helpers.DfQuantycaTracert -  POST http://localhost:2573/api/DfUbyquo/docs/upload System.Web.Http.Controllers DfUbyquoController ExecuteAsync
2018-06-08 16:40:28,874 [5] INFO DfQuantycaDocuments.Helpers.DfQuantycaTracert -  POST http://localhost:2573/api/DfUbyquo/docs/upload System.Web.Http.Action ApiControllerActionSelector SelectAction
2018-06-08 16:40:28,927 [5] INFO DfQuantycaDocuments.Helpers.DfQuantycaTracert -  POST http://localhost:2573/api/DfUbyquo/docs/upload System.Web.Http.Action ApiControllerActionSelector SelectAction Selected action 'uploadDocument()'
2018-06-08 16:40:28,938 [5] INFO DfQuantycaDocuments.Helpers.DfQuantycaTracert -  POST http://localhost:2573/api/DfUbyquo/docs/upload System.Web.Http.ModelBinding HttpActionBinding ExecuteBindingAsync
2018-06-08 16:40:28,942 [5] INFO DfQuantycaDocuments.Helpers.DfQuantycaTracert -  POST http://localhost:2573/api/DfUbyquo/docs/upload System.Web.Http.ModelBinding HttpActionBinding ExecuteBindingAsync
2018-06-08 16:40:28,944 [5] INFO DfQuantycaDocuments.Helpers.DfQuantycaTracert -  POST http://localhost:2573/api/DfUbyquo/docs/upload System.Web.Http.Action ApiControllerActionInvoker InvokeActionAsync Action='uploadDocument()'
2018-06-08 16:40:28,947 [5] INFO DfQuantycaDocuments.Helpers.DfQuantycaTracert -  POST http://localhost:2573/api/DfUbyquo/docs/upload System.Web.Http.Action ReflectedHttpActionDescriptor ExecuteAsync Invoking action 'uploadDocument()'
2018-06-08 16:40:28,959 [5] INFO DfQuantycaDocuments.Helpers.DfQuantycaTracert -  POST http://localhost:2573/api/DfUbyquo/docs/upload Controllers DfQuantycaDocuments Log: Start upload document
2018-06-08 16:40:29,403 [5] ERROR DfQuantycaDocuments.Helpers.DfQuantycaTracert -  POST http://localhost:2573/api/DfUbyquo/docs/upload Controllers DfQuantycaDocuments Log: Invalid input data for companyID, companyCIF or companyName. Path not found in Index.xml
2018-06-08 16:40:29,409 [5] INFO DfQuantycaDocuments.Helpers.DfQuantycaTracert -  POST http://localhost:2573/api/DfUbyquo/docs/upload System.Web.Http.Action ReflectedHttpActionDescriptor ExecuteAsync Action returned 'System.Web.Http.Results.BadRequestErrorMessageResult'
2018-06-08 16:40:29,413 [5] INFO DfQuantycaDocuments.Helpers.DfQuantycaTracert -  POST http://localhost:2573/api/DfUbyquo/docs/upload System.Net.Http.Formatting DefaultContentNegotiator Negotiate Type='HttpError', formatters=[JsonMediaTypeFormatterTracer, XmlMediaTypeFormatterTracer, FormUrlEncodedMediaTypeFormatterTracer, FormUrlEncodedMediaTypeFormatterTracer]
2018-06-08 16:40:29,468 [5] INFO DfQuantycaDocuments.Helpers.DfQuantycaTracert -  POST http://localhost:2573/api/DfUbyquo/docs/upload System.Net.Http.Formatting JsonMediaTypeFormatter GetPerRequestFormatterInstance Obtaining formatter of type 'JsonMediaTypeFormatter' for type='HttpError', mediaType='application/json; charset=utf-8'
2018-06-08 16:40:29,469 [5] INFO DfQuantycaDocuments.Helpers.DfQuantycaTracert -  POST http://localhost:2573/api/DfUbyquo/docs/upload System.Net.Http.Formatting JsonMediaTypeFormatter GetPerRequestFormatterInstance Will use same 'JsonMediaTypeFormatter' formatter
2018-06-08 16:40:29,471 [5] INFO DfQuantycaDocuments.Helpers.DfQuantycaTracert -  POST http://localhost:2573/api/DfUbyquo/docs/upload System.Net.Http.Formatting DefaultContentNegotiator Negotiate Selected formatter='JsonMediaTypeFormatter', content-type='application/json; charset=utf-8'
2018-06-08 16:40:29,476 [5] INFO DfQuantycaDocuments.Helpers.DfQuantycaTracert -  POST http://localhost:2573/api/DfUbyquo/docs/upload System.Web.Http.Action ApiControllerActionInvoker InvokeActionAsync
2018-06-08 16:40:29,479 [5] INFO DfQuantycaDocuments.Helpers.DfQuantycaTracert -  POST http://localhost:2573/api/DfUbyquo/docs/upload System.Web.Http.Controllers DfUbyquoController ExecuteAsync
2018-06-08 16:40:29,480 [5] INFO DfQuantycaDocuments.Helpers.DfQuantycaTracert -  POST http://localhost:2573/api/DfUbyquo/docs/upload System.Web.Http.Request Content-type='application/json; charset=utf-8', content-length=unknown
2018-06-08 16:40:29,517 [5] INFO DfQuantycaDocuments.Helpers.DfQuantycaTracert -  POST http://localhost:2573/api/DfUbyquo/docs/upload System.Net.Http.Formatting JsonMediaTypeFormatter WriteToStreamAsync Value='System.Web.Http.HttpError', type='HttpError', content-type='application/json; charset=utf-8'
2018-06-08 16:40:29,621 [5] INFO DfQuantycaDocuments.Helpers.DfQuantycaTracert -  POST http://localhost:2573/api/DfUbyquo/docs/upload System.Net.Http.Formatting JsonMediaTypeFormatter WriteToStreamAsync
2018-06-08 16:40:29,622 [5] INFO DfQuantycaDocuments.Helpers.DfQuantycaTracert -  POST http://localhost:2573/api/DfUbyquo/docs/upload System.Web.Http.Controllers DfUbyquoController Dispose
2018-06-08 16:40:29,623 [5] INFO DfQuantycaDocuments.Helpers.DfQuantycaTracert -  POST http://localhost:2573/api/DfUbyquo/docs/upload System.Web.Http.Controllers DfUbyquoController Dispose
2018-06-08 16:42:03,269 [5] INFO DfQuantycaDocuments.Helpers.DfQuantycaTracert -  POST http://localhost:2573/api/DfUbyquo/docs/upload System.Web.Http.Request http://localhost:2573/api/DfUbyquo/docs/upload
2018-06-08 16:42:03,269 [5] INFO DfQuantycaDocuments.Helpers.DfQuantycaTracert -  POST http://localhost:2573/api/DfUbyquo/docs/upload System.Web.Http.Controllers DefaultHttpControllerSelector SelectController Route='MS_SubRoutes:System.Web.Http.Routing.IHttpRouteData[]'
2018-06-08 16:42:03,269 [5] INFO DfQuantycaDocuments.Helpers.DfQuantycaTracert -  POST http://localhost:2573/api/DfUbyquo/docs/upload System.Web.Http.Controllers DefaultHttpControllerSelector SelectController DfUbyquo
2018-06-08 16:42:03,269 [5] INFO DfQuantycaDocuments.Helpers.DfQuantycaTracert -  POST http://localhost:2573/api/DfUbyquo/docs/upload System.Web.Http.Controllers HttpControllerDescriptor CreateController
2018-06-08 16:42:03,269 [5] INFO DfQuantycaDocuments.Helpers.DfQuantycaTracert -  POST http://localhost:2573/api/DfUbyquo/docs/upload System.Web.Http.Controllers DefaultHttpControllerActivator Create
2018-06-08 16:42:03,269 [5] INFO DfQuantycaDocuments.Helpers.DfQuantycaTracert -  POST http://localhost:2573/api/DfUbyquo/docs/upload System.Web.Http.Controllers DefaultHttpControllerActivator Create DfQuantycaDocuments.Controllers.DfUbyquoController
2018-06-08 16:42:03,269 [5] INFO DfQuantycaDocuments.Helpers.DfQuantycaTracert -  POST http://localhost:2573/api/DfUbyquo/docs/upload System.Web.Http.Controllers HttpControllerDescriptor CreateController DfQuantycaDocuments.Controllers.DfUbyquoController
2018-06-08 16:42:03,269 [5] INFO DfQuantycaDocuments.Helpers.DfQuantycaTracert -  POST http://localhost:2573/api/DfUbyquo/docs/upload System.Web.Http.Controllers DfUbyquoController ExecuteAsync
2018-06-08 16:42:03,269 [5] INFO DfQuantycaDocuments.Helpers.DfQuantycaTracert -  POST http://localhost:2573/api/DfUbyquo/docs/upload System.Web.Http.Action ApiControllerActionSelector SelectAction
2018-06-08 16:42:03,269 [5] INFO DfQuantycaDocuments.Helpers.DfQuantycaTracert -  POST http://localhost:2573/api/DfUbyquo/docs/upload System.Web.Http.Action ApiControllerActionSelector SelectAction Selected action 'uploadDocument()'
2018-06-08 16:42:03,269 [5] INFO DfQuantycaDocuments.Helpers.DfQuantycaTracert -  POST http://localhost:2573/api/DfUbyquo/docs/upload System.Web.Http.ModelBinding HttpActionBinding ExecuteBindingAsync
2018-06-08 16:42:03,269 [5] INFO DfQuantycaDocuments.Helpers.DfQuantycaTracert -  POST http://localhost:2573/api/DfUbyquo/docs/upload System.Web.Http.ModelBinding HttpActionBinding ExecuteBindingAsync
2018-06-08 16:42:03,269 [5] INFO DfQuantycaDocuments.Helpers.DfQuantycaTracert -  POST http://localhost:2573/api/DfUbyquo/docs/upload System.Web.Http.Action ApiControllerActionInvoker InvokeActionAsync Action='uploadDocument()'
2018-06-08 16:42:03,269 [5] INFO DfQuantycaDocuments.Helpers.DfQuantycaTracert -  POST http://localhost:2573/api/DfUbyquo/docs/upload System.Web.Http.Action ReflectedHttpActionDescriptor ExecuteAsync Invoking action 'uploadDocument()'
2018-06-08 16:42:03,269 [5] INFO DfQuantycaDocuments.Helpers.DfQuantycaTracert -  POST http://localhost:2573/api/DfUbyquo/docs/upload Controllers DfQuantycaDocuments Log: Start upload document
2018-06-08 16:42:03,336 [8] INFO DfQuantycaDocuments.Helpers.DfQuantycaTracert -  POST http://localhost:2573/api/DfUbyquo/docs/upload Controllers DfQuantycaDocuments Log: Try to create file in: C:\Ubyquo\Ubyquo Import\a3eco\Asientos\QUANTYCA SSD\2016\Factura Recibida\19DB6ACA-573F-4B8F-BA730123F3BE8412.pdf
2018-06-08 16:42:03,337 [8] INFO DfQuantycaDocuments.Helpers.DfQuantycaTracert -  POST http://localhost:2573/api/DfUbyquo/docs/upload Controllers DfQuantycaDocuments Log: File 19DB6ACA-573F-4B8F-BA730123F3BE8412.pdf upload success
2018-06-08 16:42:03,337 [8] INFO DfQuantycaDocuments.Helpers.DfQuantycaTracert -  POST http://localhost:2573/api/DfUbyquo/docs/upload System.Web.Http.Action ReflectedHttpActionDescriptor ExecuteAsync Action returned 'System.Web.Http.Results.OkResult'
2018-06-08 16:42:03,339 [8] INFO DfQuantycaDocuments.Helpers.DfQuantycaTracert -  POST http://localhost:2573/api/DfUbyquo/docs/upload System.Web.Http.Action ApiControllerActionInvoker InvokeActionAsync
2018-06-08 16:42:03,339 [8] INFO DfQuantycaDocuments.Helpers.DfQuantycaTracert -  POST http://localhost:2573/api/DfUbyquo/docs/upload System.Web.Http.Controllers DfUbyquoController ExecuteAsync
2018-06-08 16:42:03,339 [8] INFO DfQuantycaDocuments.Helpers.DfQuantycaTracert -  POST http://localhost:2573/api/DfUbyquo/docs/upload System.Web.Http.Request Content-type='none', content-length=unknown
2018-06-08 16:42:03,339 [8] INFO DfQuantycaDocuments.Helpers.DfQuantycaTracert -  POST http://localhost:2573/api/DfUbyquo/docs/upload System.Web.Http.Controllers DfUbyquoController Dispose
2018-06-08 16:42:03,339 [8] INFO DfQuantycaDocuments.Helpers.DfQuantycaTracert -  POST http://localhost:2573/api/DfUbyquo/docs/upload System.Web.Http.Controllers DfUbyquoController Dispose
